<?xml version="1.0" encoding="UTF-8"?>
<!-- Generated by org.testng.reporters.JUnitXMLReporter -->
<testsuite ignored="0" hostname="LAPTOP-FL7DK08P" failures="0" tests="12" name="Account page test" time="45.833" errors="0" timestamp="2023-05-16T16:02:45 IST">
  <testcase classname="com.qa.opencart.testcases.accoutPageTest" name="getAccHeaderSecList" time="0.189"/>
  <testcase classname="com.qa.opencart.testcases.accoutPageTest" name="getPageurltest" time="0.017"/>
  <testcase classname="com.qa.opencart.testcases.accoutPageTest" name="islogoutlinkExist" time="0.045"/>
  <testcase classname="com.qa.opencart.testcases.accoutPageTest" name="loginPagetest" time="0.018"/>
  <testcase classname="com.qa.opencart.testcases.accoutPageTest" name="searchCheckTest" time="1.697"/>
  <testcase classname="com.qa.opencart.testcases.accoutPageTest" name="searchCheckTest" time="7.356"/>
  <testcase classname="com.qa.opencart.testcases.accoutPageTest" name="searchCheckTest" time="4.588"/>
  <testcase classname="com.qa.opencart.testcases.accoutPageTest" name="searchTest" time="4.392"/>
  <testcase classname="com.qa.opencart.testcases.accoutPageTest" name="searchTest" time="2.839"/>
  <testcase classname="com.qa.opencart.testcases.accoutPageTest" name="searchTest" time="2.145"/>
  <testcase classname="com.qa.opencart.testcases.accoutPageTest" name="searchTest" time="1.693"/>
  <testcase classname="com.qa.opencart.testcases.accoutPageTest" name="searchTest" time="2.81"/>
</testsuite> <!-- Account page test -->
