<?xml version="1.0" encoding="UTF-8"?>
<!-- Generated by org.testng.reporters.JUnitXMLReporter -->
<testsuite ignored="0" hostname="LAPTOP-FL7DK08P" failures="0" tests="12" name="Account page test" time="60.633" errors="0" timestamp="2023-04-26T12:32:55 IST">
  <testcase classname="com.qa.opencart.testcases.accoutPageTest" name="getAccHeaderSecList" time="0.499"/>
  <testcase classname="com.qa.opencart.testcases.accoutPageTest" name="getPageurltest" time="0.028"/>
  <testcase classname="com.qa.opencart.testcases.accoutPageTest" name="islogoutlinkExist" time="0.078"/>
  <testcase classname="com.qa.opencart.testcases.accoutPageTest" name="loginPagetest" time="0.037"/>
  <testcase classname="com.qa.opencart.testcases.accoutPageTest" name="searchCheckTest" time="1.687"/>
  <testcase classname="com.qa.opencart.testcases.accoutPageTest" name="searchCheckTest" time="2.106"/>
  <testcase classname="com.qa.opencart.testcases.accoutPageTest" name="searchCheckTest" time="1.573"/>
  <testcase classname="com.qa.opencart.testcases.accoutPageTest" name="searchTest" time="19.168"/>
  <testcase classname="com.qa.opencart.testcases.accoutPageTest" name="searchTest" time="9.344"/>
  <testcase classname="com.qa.opencart.testcases.accoutPageTest" name="searchTest" time="3.402"/>
  <testcase classname="com.qa.opencart.testcases.accoutPageTest" name="searchTest" time="2.926"/>
  <testcase classname="com.qa.opencart.testcases.accoutPageTest" name="searchTest" time="3.187"/>
</testsuite> <!-- Account page test -->
