<?xml version="1.0" encoding="UTF-8"?>
<!-- Generated by org.testng.reporters.JUnitXMLReporter -->
<testsuite ignored="0" hostname="LAPTOP-FL7DK08P" failures="0" tests="4" name="Default test" time="11.371" errors="0" timestamp="2023-04-26T11:45:01 IST">
  <testcase classname="com.qa.opencart.testcases.loginPageTest" name="loginPagetest" time="0.265"/>
  <testcase classname="com.qa.opencart.testcases.loginPageTest" name="getPageurltest" time="0.097"/>
  <testcase classname="com.qa.opencart.testcases.loginPageTest" name="isForgotPasswordExist" time="0.098"/>
  <testcase classname="com.qa.opencart.testcases.loginPageTest" name="loginTest" time="1.616"/>
</testsuite> <!-- Default test -->
