<?xml version="1.0" encoding="UTF-8"?>
<testsuite xmlns:xsi="http://www.w3.org/2001/XMLSchema-instance" xsi:noNamespaceSchemaLocation="https://maven.apache.org/surefire/maven-surefire-plugin/xsd/surefire-test-report.xsd" name="TestSuite" time="12.216" tests="7" errors="0" skipped="4" failures="3">
  <properties>
[...]
</properties>
  <testcase name="setup" classname="com.qa.opencart.testcases.accoutPageTest" time="8.676">
    <failure message="com.google.common.collect.ImmutableMap.of(Ljava/lang/Object;Ljava/lang/Object;Ljava/lang/Object;Ljava/lang/Object;Ljava/lang/Object;Ljava/lang/Object;Ljava/lang/Object;Ljava/lang/Object;Ljava/lang/Object;Ljava/lang/Object;Ljava/lang/Object;Ljava/lang/Object;)Lcom/google/common/collect/ImmutableMap;" type="java.lang.NoSuchMethodError">java.lang.NoSuchMethodError: com.google.common.collect.ImmutableMap.of(Ljava/lang/Object;Ljava/lang/Object;Ljava/lang/Object;Ljava/lang/Object;Ljava/lang/Object;Ljava/lang/Object;Ljava/lang/Object;Ljava/lang/Object;Ljava/lang/Object;Ljava/lang/Object;Ljava/lang/Object;Ljava/lang/Object;)Lcom/google/common/collect/ImmutableMap;
</failure>
    <system-out><![CDATA[...
... TestNG 7.7.1 by Cédric Beust (cedric@beust.com)
...

Test Suite started!
Test Suite started!
I am in onStart method Account page test
I am in onStart method Login page Test
-----> Running test cases on environment: ----->null
No env is given..hence running it on QA env.....
-----> Running test cases on environment: ----->null
No env is given..hence running it on QA env.....
]]></system-out>
    <system-err><![CDATA[SLF4J: No SLF4J providers were found.
SLF4J: Defaulting to no-operation (NOP) logger implementation
SLF4J: See https://www.slf4j.org/codes.html#noProviders for further details.
]]></system-err>
  </testcase>
  <testcase name="accSetup" classname="com.qa.opencart.testcases.accoutPageTest" time="0">
    <skipped/>
  </testcase>
  <testcase name="tearDown" classname="com.qa.opencart.testcases.accoutPageTest" time="0">
    <skipped/>
    <system-out><![CDATA[getAccHeaderSecList started!
I am in onTestStart method getAccHeaderSecList start
I am in onTestSkipped method getAccHeaderSecList skipped
getAccHeaderSecList skipped!
I am in onTestFailure method getAccHeaderSecList failed
getAccHeaderSecList failed!
]]></system-out>
  </testcase>
  <testcase name="setup" classname="com.qa.opencart.testcases.loginPageTest" time="3.331">
    <failure message="com.google.common.collect.ImmutableMap.of(Ljava/lang/Object;Ljava/lang/Object;Ljava/lang/Object;Ljava/lang/Object;Ljava/lang/Object;Ljava/lang/Object;Ljava/lang/Object;Ljava/lang/Object;Ljava/lang/Object;Ljava/lang/Object;Ljava/lang/Object;Ljava/lang/Object;)Lcom/google/common/collect/ImmutableMap;" type="java.lang.NoSuchMethodError">java.lang.NoSuchMethodError: com.google.common.collect.ImmutableMap.of(Ljava/lang/Object;Ljava/lang/Object;Ljava/lang/Object;Ljava/lang/Object;Ljava/lang/Object;Ljava/lang/Object;Ljava/lang/Object;Ljava/lang/Object;Ljava/lang/Object;Ljava/lang/Object;Ljava/lang/Object;Ljava/lang/Object;)Lcom/google/common/collect/ImmutableMap;
</failure>
    <system-out><![CDATA[I am in onFinish method Account page test
Test Suite is ending!
]]></system-out>
  </testcase>
  <testcase name="loginPagetest" classname="com.qa.opencart.testcases.loginPageTest" time="0">
    <skipped message="com.google.common.collect.ImmutableMap.of(Ljava/lang/Object;Ljava/lang/Object;Ljava/lang/Object;Ljava/lang/Object;Ljava/lang/Object;Ljava/lang/Object;Ljava/lang/Object;Ljava/lang/Object;Ljava/lang/Object;Ljava/lang/Object;Ljava/lang/Object;Ljava/lang/Object;)Lcom/google/common/collect/ImmutableMap;"/>
    <system-out><![CDATA[loginPagetest started!
I am in onTestStart method loginPagetest start
I am in onTestSkipped method loginPagetest skipped
]]></system-out>
  </testcase>
  <testcase name="loginPagetest" classname="com.qa.opencart.testcases.loginPageTest" time="0.016">
    <failure type="java.lang.NullPointerException">java.lang.NullPointerException
</failure>
    <system-out><![CDATA[loginPagetest skipped!
I am in onTestFailure method loginPagetest failed
]]></system-out>
  </testcase>
  <testcase name="tearDown" classname="com.qa.opencart.testcases.loginPageTest" time="0">
    <skipped/>
    <system-out><![CDATA[loginPagetest failed!
]]></system-out>
  </testcase>
</testsuite>