<?xml version="1.0" encoding="UTF-8"?>
<testsuite xmlns:xsi="http://www.w3.org/2001/XMLSchema-instance" xsi:noNamespaceSchemaLocation="https://maven.apache.org/surefire/maven-surefire-plugin/xsd/surefire-test-report.xsd" name="TestSuite" time="73.487" tests="16" errors="0" skipped="0" failures="0">
  <properties>
[...]
</properties>
  <testcase name="loginPagetest" classname="com.qa.opencart.testcases.loginPageTest" time="0.551"/>
  <testcase name="getPageurltest" classname="com.qa.opencart.testcases.loginPageTest" time="0.077"/>
  <testcase name="isForgotPasswordExist" classname="com.qa.opencart.testcases.loginPageTest" time="0.1"/>
  <testcase name="getAccHeaderSecList" classname="com.qa.opencart.testcases.accoutPageTest" time="0.251"/>
  <testcase name="getPageurltest" classname="com.qa.opencart.testcases.accoutPageTest" time="0.048"/>
  <testcase name="islogoutlinkExist" classname="com.qa.opencart.testcases.accoutPageTest" time="0.163"/>
  <testcase name="loginPagetest" classname="com.qa.opencart.testcases.accoutPageTest" time="0.078"/>
  <testcase name="loginTest" classname="com.qa.opencart.testcases.loginPageTest" time="1.975"/>
  <testcase name="searchCheckTest" classname="com.qa.opencart.testcases.accoutPageTest" time="2.219"/>
  <testcase name="searchCheckTest" classname="com.qa.opencart.testcases.accoutPageTest" time="1.237"/>
  <testcase name="searchCheckTest" classname="com.qa.opencart.testcases.accoutPageTest" time="1.356"/>
  <testcase name="searchTest" classname="com.qa.opencart.testcases.accoutPageTest" time="5.197"/>
  <testcase name="searchTest" classname="com.qa.opencart.testcases.accoutPageTest" time="6.015"/>
  <testcase name="searchTest" classname="com.qa.opencart.testcases.accoutPageTest" time="7.291"/>
  <testcase name="searchTest" classname="com.qa.opencart.testcases.accoutPageTest" time="16.823"/>
  <testcase name="searchTest" classname="com.qa.opencart.testcases.accoutPageTest" time="5.602"/>
</testsuite>