<?xml version="1.0" encoding="UTF-8"?>
<testng-results ignored="0" total="16" passed="16" failed="0" skipped="0">
  <reporter-output>
  </reporter-output>
  <suite started-at="2023-05-04T16:44:42 IST" name="Open Cart App Regression Suite" finished-at="2023-05-04T16:45:52 IST" duration-ms="70126">
    <groups>
    </groups>
    <test started-at="2023-05-04T16:44:42 IST" name="Login page Test" finished-at="2023-05-04T16:45:14 IST" duration-ms="32454">
      <class name="com.qa.opencart.testcases.loginPageTest">
        <test-method is-config="true" signature="setup()[pri:0, instance:com.qa.opencart.testcases.loginPageTest@5b20706]" started-at="2023-05-04T16:44:42 IST" name="setup" finished-at="2023-05-04T16:45:02 IST" duration-ms="19985" status="PASS">
          <reporter-output>
          </reporter-output>
        </test-method> <!-- setup -->
        <test-method signature="loginPagetest()[pri:1, instance:com.qa.opencart.testcases.loginPageTest@5b20706]" started-at="2023-05-04T16:45:02 IST" name="loginPagetest" finished-at="2023-05-04T16:45:02 IST" duration-ms="273" status="PASS">
          <reporter-output>
          </reporter-output>
        </test-method> <!-- loginPagetest -->
        <test-method signature="getPageurltest()[pri:2, instance:com.qa.opencart.testcases.loginPageTest@5b20706]" started-at="2023-05-04T16:45:02 IST" name="getPageurltest" finished-at="2023-05-04T16:45:02 IST" duration-ms="68" status="PASS">
          <reporter-output>
          </reporter-output>
        </test-method> <!-- getPageurltest -->
        <test-method signature="isForgotPasswordExist()[pri:3, instance:com.qa.opencart.testcases.loginPageTest@5b20706]" started-at="2023-05-04T16:45:02 IST" name="isForgotPasswordExist" finished-at="2023-05-04T16:45:02 IST" duration-ms="100" status="PASS">
          <reporter-output>
          </reporter-output>
        </test-method> <!-- isForgotPasswordExist -->
        <test-method signature="loginTest()[pri:4, instance:com.qa.opencart.testcases.loginPageTest@5b20706]" started-at="2023-05-04T16:45:02 IST" name="loginTest" finished-at="2023-05-04T16:45:06 IST" duration-ms="3709" status="PASS">
          <reporter-output>
          </reporter-output>
        </test-method> <!-- loginTest -->
        <test-method is-config="true" signature="tearDown()[pri:0, instance:com.qa.opencart.testcases.loginPageTest@5b20706]" started-at="2023-05-04T16:45:06 IST" name="tearDown" finished-at="2023-05-04T16:45:14 IST" duration-ms="7900" status="PASS">
          <reporter-output>
          </reporter-output>
        </test-method> <!-- tearDown -->
      </class> <!-- com.qa.opencart.testcases.loginPageTest -->
    </test> <!-- Login page Test -->
    <test started-at="2023-05-04T16:44:42 IST" name="Account page test" finished-at="2023-05-04T16:45:52 IST" duration-ms="70126">
      <class name="com.qa.opencart.testcases.accoutPageTest">
        <test-method is-config="true" signature="setup()[pri:0, instance:com.qa.opencart.testcases.accoutPageTest@30ec7d21]" started-at="2023-05-04T16:44:42 IST" name="setup" finished-at="2023-05-04T16:45:01 IST" duration-ms="19330" status="PASS">
          <reporter-output>
          </reporter-output>
        </test-method> <!-- setup -->
        <test-method is-config="true" signature="accSetup()[pri:0, instance:com.qa.opencart.testcases.accoutPageTest@30ec7d21]" started-at="2023-05-04T16:45:01 IST" name="accSetup" finished-at="2023-05-04T16:45:04 IST" duration-ms="2645" status="PASS">
          <reporter-output>
          </reporter-output>
        </test-method> <!-- accSetup -->
        <test-method signature="getAccHeaderSecList()[pri:0, instance:com.qa.opencart.testcases.accoutPageTest@30ec7d21]" started-at="2023-05-04T16:45:04 IST" name="getAccHeaderSecList" finished-at="2023-05-04T16:45:04 IST" duration-ms="248" status="PASS">
          <reporter-output>
          </reporter-output>
        </test-method> <!-- getAccHeaderSecList -->
        <test-method signature="getPageurltest()[pri:0, instance:com.qa.opencart.testcases.accoutPageTest@30ec7d21]" started-at="2023-05-04T16:45:04 IST" name="getPageurltest" finished-at="2023-05-04T16:45:04 IST" duration-ms="37" status="PASS">
          <reporter-output>
          </reporter-output>
        </test-method> <!-- getPageurltest -->
        <test-method signature="islogoutlinkExist()[pri:0, instance:com.qa.opencart.testcases.accoutPageTest@30ec7d21]" started-at="2023-05-04T16:45:04 IST" name="islogoutlinkExist" finished-at="2023-05-04T16:45:04 IST" duration-ms="150" status="PASS">
          <reporter-output>
          </reporter-output>
        </test-method> <!-- islogoutlinkExist -->
        <test-method signature="loginPagetest()[pri:0, instance:com.qa.opencart.testcases.accoutPageTest@30ec7d21]" started-at="2023-05-04T16:45:04 IST" name="loginPagetest" finished-at="2023-05-04T16:45:04 IST" duration-ms="79" status="PASS">
          <reporter-output>
          </reporter-output>
        </test-method> <!-- loginPagetest -->
        <test-method signature="searchCheckTest(java.lang.String)[pri:0, instance:com.qa.opencart.testcases.accoutPageTest@30ec7d21]" started-at="2023-05-04T16:45:04 IST" name="searchCheckTest" data-provider="getProductKey" finished-at="2023-05-04T16:45:06 IST" duration-ms="2212" status="PASS">
          <params>
            <param index="0">
              <value>
                <![CDATA[Macbook]]>
              </value>
            </param>
          </params>
          <reporter-output>
          </reporter-output>
        </test-method> <!-- searchCheckTest -->
        <test-method signature="searchCheckTest(java.lang.String)[pri:0, instance:com.qa.opencart.testcases.accoutPageTest@30ec7d21]" started-at="2023-05-04T16:45:06 IST" name="searchCheckTest" data-provider="getProductKey" finished-at="2023-05-04T16:45:08 IST" duration-ms="1234" status="PASS">
          <params>
            <param index="0">
              <value>
                <![CDATA[iMac]]>
              </value>
            </param>
          </params>
          <reporter-output>
          </reporter-output>
        </test-method> <!-- searchCheckTest -->
        <test-method signature="searchCheckTest(java.lang.String)[pri:0, instance:com.qa.opencart.testcases.accoutPageTest@30ec7d21]" started-at="2023-05-04T16:45:08 IST" name="searchCheckTest" data-provider="getProductKey" finished-at="2023-05-04T16:45:09 IST" duration-ms="1355" status="PASS">
          <params>
            <param index="0">
              <value>
                <![CDATA[Samsung]]>
              </value>
            </param>
          </params>
          <reporter-output>
          </reporter-output>
        </test-method> <!-- searchCheckTest -->
        <test-method signature="searchTest(java.lang.String,java.lang.String)[pri:0, instance:com.qa.opencart.testcases.accoutPageTest@30ec7d21]" started-at="2023-05-04T16:45:09 IST" name="searchTest" data-provider="getProductData" finished-at="2023-05-04T16:45:14 IST" duration-ms="5193" status="PASS">
          <params>
            <param index="0">
              <value>
                <![CDATA[Macbook]]>
              </value>
            </param>
            <param index="1">
              <value>
                <![CDATA[MacBook Pro]]>
              </value>
            </param>
          </params>
          <reporter-output>
          </reporter-output>
        </test-method> <!-- searchTest -->
        <test-method signature="searchTest(java.lang.String,java.lang.String)[pri:0, instance:com.qa.opencart.testcases.accoutPageTest@30ec7d21]" started-at="2023-05-04T16:45:14 IST" name="searchTest" data-provider="getProductData" finished-at="2023-05-04T16:45:20 IST" duration-ms="6012" status="PASS">
          <params>
            <param index="0">
              <value>
                <![CDATA[Macbook]]>
              </value>
            </param>
            <param index="1">
              <value>
                <![CDATA[MacBook Air]]>
              </value>
            </param>
          </params>
          <reporter-output>
          </reporter-output>
        </test-method> <!-- searchTest -->
        <test-method signature="searchTest(java.lang.String,java.lang.String)[pri:0, instance:com.qa.opencart.testcases.accoutPageTest@30ec7d21]" started-at="2023-05-04T16:45:20 IST" name="searchTest" data-provider="getProductData" finished-at="2023-05-04T16:45:28 IST" duration-ms="7291" status="PASS">
          <params>
            <param index="0">
              <value>
                <![CDATA[iMac]]>
              </value>
            </param>
            <param index="1">
              <value>
                <![CDATA[iMac]]>
              </value>
            </param>
          </params>
          <reporter-output>
          </reporter-output>
        </test-method> <!-- searchTest -->
        <test-method signature="searchTest(java.lang.String,java.lang.String)[pri:0, instance:com.qa.opencart.testcases.accoutPageTest@30ec7d21]" started-at="2023-05-04T16:45:28 IST" name="searchTest" data-provider="getProductData" finished-at="2023-05-04T16:45:44 IST" duration-ms="16821" status="PASS">
          <params>
            <param index="0">
              <value>
                <![CDATA[Samsung]]>
              </value>
            </param>
            <param index="1">
              <value>
                <![CDATA[Samsung SyncMaster 941BW]]>
              </value>
            </param>
          </params>
          <reporter-output>
          </reporter-output>
        </test-method> <!-- searchTest -->
        <test-method signature="searchTest(java.lang.String,java.lang.String)[pri:0, instance:com.qa.opencart.testcases.accoutPageTest@30ec7d21]" started-at="2023-05-04T16:45:44 IST" name="searchTest" data-provider="getProductData" finished-at="2023-05-04T16:45:50 IST" duration-ms="5580" status="PASS">
          <params>
            <param index="0">
              <value>
                <![CDATA[Samsung]]>
              </value>
            </param>
            <param index="1">
              <value>
                <![CDATA[Samsung Galaxy Tab 10.1]]>
              </value>
            </param>
          </params>
          <reporter-output>
          </reporter-output>
        </test-method> <!-- searchTest -->
        <test-method is-config="true" signature="tearDown()[pri:0, instance:com.qa.opencart.testcases.accoutPageTest@30ec7d21]" started-at="2023-05-04T16:45:50 IST" name="tearDown" finished-at="2023-05-04T16:45:52 IST" duration-ms="1783" status="PASS">
          <reporter-output>
          </reporter-output>
        </test-method> <!-- tearDown -->
      </class> <!-- com.qa.opencart.testcases.accoutPageTest -->
    </test> <!-- Account page test -->
  </suite> <!-- Open Cart App Regression Suite -->
</testng-results>
