<?xml version="1.0" encoding="UTF-8"?>
<!-- Generated by org.testng.reporters.JUnitXMLReporter -->
<testsuite ignored="0" hostname="LAPTOP-FL7DK08P" failures="0" tests="12" name="Account page test" time="70.126" errors="0" timestamp="2023-05-04T16:45:52 IST">
  <testcase classname="com.qa.opencart.testcases.accoutPageTest" name="getAccHeaderSecList" time="0.248"/>
  <testcase classname="com.qa.opencart.testcases.accoutPageTest" name="getPageurltest" time="0.037"/>
  <testcase classname="com.qa.opencart.testcases.accoutPageTest" name="islogoutlinkExist" time="0.15"/>
  <testcase classname="com.qa.opencart.testcases.accoutPageTest" name="loginPagetest" time="0.079"/>
  <testcase classname="com.qa.opencart.testcases.accoutPageTest" name="searchCheckTest" time="2.212"/>
  <testcase classname="com.qa.opencart.testcases.accoutPageTest" name="searchCheckTest" time="1.234"/>
  <testcase classname="com.qa.opencart.testcases.accoutPageTest" name="searchCheckTest" time="1.355"/>
  <testcase classname="com.qa.opencart.testcases.accoutPageTest" name="searchTest" time="5.193"/>
  <testcase classname="com.qa.opencart.testcases.accoutPageTest" name="searchTest" time="6.012"/>
  <testcase classname="com.qa.opencart.testcases.accoutPageTest" name="searchTest" time="7.291"/>
  <testcase classname="com.qa.opencart.testcases.accoutPageTest" name="searchTest" time="16.821"/>
  <testcase classname="com.qa.opencart.testcases.accoutPageTest" name="searchTest" time="5.58"/>
</testsuite> <!-- Account page test -->
