<?xml version="1.0" encoding="UTF-8"?>
<!-- Generated by org.testng.reporters.JUnitXMLReporter -->
<testsuite ignored="0" hostname="LAPTOP-FL7DK08P" failures="0" tests="4" name="Login page Test" time="24.004" errors="0" timestamp="2023-04-24T16:06:49 IST">
  <testcase classname="com.qa.opencart.testcases.loginPageTest" name="loginPagetest" time="0.85"/>
  <testcase classname="com.qa.opencart.testcases.loginPageTest" name="getPageurltest" time="0.154"/>
  <testcase classname="com.qa.opencart.testcases.loginPageTest" name="isForgotPasswordExist" time="1.116"/>
  <testcase classname="com.qa.opencart.testcases.loginPageTest" name="loginTest" time="5.08"/>
</testsuite> <!-- Login page Test -->
