<?xml version="1.0" encoding="UTF-8"?>
<!-- Generated by org.testng.reporters.JUnitXMLReporter -->
<testsuite ignored="0" hostname="LAPTOP-FL7DK08P" failures="0" tests="4" name="Login page Test" time="32.454" errors="0" timestamp="2023-05-04T16:45:14 IST">
  <testcase classname="com.qa.opencart.testcases.loginPageTest" name="loginPagetest" time="0.273"/>
  <testcase classname="com.qa.opencart.testcases.loginPageTest" name="getPageurltest" time="0.068"/>
  <testcase classname="com.qa.opencart.testcases.loginPageTest" name="isForgotPasswordExist" time="0.1"/>
  <testcase classname="com.qa.opencart.testcases.loginPageTest" name="loginTest" time="3.709"/>
</testsuite> <!-- Login page Test -->
